# JRE version: OpenJDK Runtime Environment (8.0_152-b02) (build 1.8.0_152-release-1024-b02)
# Java VM: OpenJDK 64-Bit Server VM (25.152-b02 mixed mode windows-amd64 compressed oops)
Heap:
 PSYoungGen      total 210944K, used 22883K [0x00000000e0000000, 0x00000000f2580000, 0x0000000100000000)
  eden space 184832K, 12% used [0x00000000e0000000,0x00000000e1640e48,0x00000000eb480000)
  from space 26112K, 0% used [0x00000000eb480000,0x00000000eb498000,0x00000000ece00000)
  to   space 26624K, 0% used [0x00000000f0b80000,0x00000000f0b80000,0x00000000f2580000)
 ParOldGen       total 130560K, used 65481K [0x00000000a0000000, 0x00000000a7f80000, 0x00000000e0000000)
  object space 130560K, 50% used [0x00000000a0000000,0x00000000a3ff25c8,0x00000000a7f80000)
 Metaspace       used 70046K, capacity 73440K, committed 73728K, reserved 1114112K
  class space    used 9171K, capacity 9882K, committed 9984K, reserved 1048576K
GC Heap History (10 events):
Event: 8692.762 GC heap before
{Heap before GC invocations=20 (full 3):
 PSYoungGen      total 156160K, used 134656K [0x00000000e0000000, 0x00000000eaf00000, 0x0000000100000000)
  eden space 134656K, 100% used [0x00000000e0000000,0x00000000e8380000,0x00000000e8380000)
  from space 21504K, 0% used [0x00000000e9780000,0x00000000e9780000,0x00000000eac80000)
  to   space 20480K, 0% used [0x00000000e8380000,0x00000000e8380000,0x00000000e9780000)
 ParOldGen       total 130560K, used 37558K [0x00000000a0000000, 0x00000000a7f80000, 0x00000000e0000000)
  object space 130560K, 28% used [0x00000000a0000000,0x00000000a24ad850,0x00000000a7f80000)
 Metaspace       used 60783K, capacity 63136K, committed 63488K, reserved 1103872K
  class space    used 8028K, capacity 8580K, committed 8704K, reserved 1048576K
Event: 8692.787 GC heap after
Heap after GC invocations=20 (full 3):
 PSYoungGen      total 155136K, used 13911K [0x00000000e0000000, 0x00000000ec880000, 0x0000000100000000)
  eden space 134656K, 0% used [0x00000000e0000000,0x00000000e0000000,0x00000000e8380000)
  from space 20480K, 67% used [0x00000000e8380000,0x00000000e9115eb0,0x00000000e9780000)
  to   space 20992K, 0% used [0x00000000eb400000,0x00000000eb400000,0x00000000ec880000)
 ParOldGen       total 130560K, used 37566K [0x00000000a0000000, 0x00000000a7f80000, 0x00000000e0000000)
  object space 130560K, 28% used [0x00000000a0000000,0x00000000a24af850,0x00000000a7f80000)
 Metaspace       used 60783K, capacity 63136K, committed 63488K, reserved 1103872K
  class space    used 8028K, capacity 8580K, committed 8704K, reserved 1048576K
}
Event: 9349.788 GC heap before
{Heap before GC invocations=21 (full 3):
 PSYoungGen      total 155136K, used 148567K [0x00000000e0000000, 0x00000000ec880000, 0x0000000100000000)
  eden space 134656K, 100% used [0x00000000e0000000,0x00000000e8380000,0x00000000e8380000)
  from space 20480K, 67% used [0x00000000e8380000,0x00000000e9115eb0,0x00000000e9780000)
  to   space 20992K, 0% used [0x00000000eb400000,0x00000000eb400000,0x00000000ec880000)
 ParOldGen       total 130560K, used 37566K [0x00000000a0000000, 0x00000000a7f80000, 0x00000000e0000000)
  object space 130560K, 28% used [0x00000000a0000000,0x00000000a24af850,0x00000000a7f80000)
 Metaspace       used 62199K, capacity 65060K, committed 65280K, reserved 1105920K
  class space    used 8187K, capacity 8838K, committed 8960K, reserved 1048576K
Event: 9349.877 GC heap after
Heap after GC invocations=21 (full 3):
 PSYoungGen      total 176128K, used 12370K [0x00000000e0000000, 0x00000000ec480000, 0x0000000100000000)
  eden space 159232K, 0% used [0x00000000e0000000,0x00000000e0000000,0x00000000e9b80000)
  from space 16896K, 73% used [0x00000000eb400000,0x00000000ec014a60,0x00000000ec480000)
  to   space 20992K, 0% used [0x00000000e9b80000,0x00000000e9b80000,0x00000000eb000000)
 ParOldGen       total 130560K, used 39222K [0x00000000a0000000, 0x00000000a7f80000, 0x00000000e0000000)
  object space 130560K, 30% used [0x00000000a0000000,0x00000000a264d888,0x00000000a7f80000)
 Metaspace       used 62199K, capacity 65060K, committed 65280K, reserved 1105920K
  class space    used 8187K, capacity 8838K, committed 8960K, reserved 1048576K
}
Event: 9365.943 GC heap before
{Heap before GC invocations=22 (full 3):
 PSYoungGen      total 176128K, used 171602K [0x00000000e0000000, 0x00000000ec480000, 0x0000000100000000)
  eden space 159232K, 100% used [0x00000000e0000000,0x00000000e9b80000,0x00000000e9b80000)
  from space 16896K, 73% used [0x00000000eb400000,0x00000000ec014a60,0x00000000ec480000)
  to   space 20992K, 0% used [0x00000000e9b80000,0x00000000e9b80000,0x00000000eb000000)
 ParOldGen       total 130560K, used 39222K [0x00000000a0000000, 0x00000000a7f80000, 0x00000000e0000000)
  object space 130560K, 30% used [0x00000000a0000000,0x00000000a264d888,0x00000000a7f80000)
 Metaspace       used 69488K, capacity 72708K, committed 72832K, reserved 1112064K
  class space    used 9096K, capacity 9794K, committed 9856K, reserved 1048576K
Event: 9366.009 GC heap after
Heap after GC invocations=22 (full 3):
 PSYoungGen      total 180224K, used 20969K [0x00000000e0000000, 0x00000000ee700000, 0x0000000100000000)
  eden space 159232K, 0% used [0x00000000e0000000,0x00000000e0000000,0x00000000e9b80000)
  from space 20992K, 99% used [0x00000000e9b80000,0x00000000eaffa628,0x00000000eb000000)
  to   space 25600K, 0% used [0x00000000ece00000,0x00000000ece00000,0x00000000ee700000)
 ParOldGen       total 130560K, used 44141K [0x00000000a0000000, 0x00000000a7f80000, 0x00000000e0000000)
  object space 130560K, 33% used [0x00000000a0000000,0x00000000a2b1b460,0x00000000a7f80000)
 Metaspace       used 69488K, capacity 72708K, committed 72832K, reserved 1112064K
  class space    used 9096K, capacity 9794K, committed 9856K, reserved 1048576K
}
Event: 9366.078 GC heap before
{Heap before GC invocations=23 (full 3):
 PSYoungGen      total 180224K, used 180110K [0x00000000e0000000, 0x00000000ee700000, 0x0000000100000000)
  eden space 159232K, 99% used [0x00000000e0000000,0x00000000e9b69510,0x00000000e9b80000)
  from space 20992K, 99% used [0x00000000e9b80000,0x00000000eaffa628,0x00000000eb000000)
  to   space 25600K, 0% used [0x00000000ece00000,0x00000000ece00000,0x00000000ee700000)
 ParOldGen       total 130560K, used 44141K [0x00000000a0000000, 0x00000000a7f80000, 0x00000000e0000000)
  object space 130560K, 33% used [0x00000000a0000000,0x00000000a2b1b460,0x00000000a7f80000)
 Metaspace       used 69581K, capacity 72832K, committed 73088K, reserved 1112064K
  class space    used 9112K, capacity 9834K, committed 9856K, reserved 1048576K
Event: 9366.110 GC heap after
Heap after GC invocations=23 (full 3):
 PSYoungGen      total 210432K, used 592K [0x00000000e0000000, 0x00000000f0380000, 0x0000000100000000)
  eden space 184832K, 0% used [0x00000000e0000000,0x00000000e0000000,0x00000000eb480000)
  from space 25600K, 2% used [0x00000000ece00000,0x00000000ece94180,0x00000000ee700000)
  to   space 26112K, 0% used [0x00000000eb480000,0x00000000eb480000,0x00000000ece00000)
 ParOldGen       total 130560K, used 65110K [0x00000000a0000000, 0x00000000a7f80000, 0x00000000e0000000)
  object space 130560K, 49% used [0x00000000a0000000,0x00000000a3f95b20,0x00000000a7f80000)
 Metaspace       used 69581K, capacity 72832K, committed 73088K, reserved 1112064K
  class space    used 9112K, capacity 9834K, committed 9856K, reserved 1048576K
}
Event: 9366.149 GC heap before
{Heap before GC invocations=24 (full 3):
 PSYoungGen      total 210432K, used 184403K [0x00000000e0000000, 0x00000000f0380000, 0x0000000100000000)
  eden space 184832K, 99% used [0x00000000e0000000,0x00000000eb380d30,0x00000000eb480000)
  from space 25600K, 2% used [0x00000000ece00000,0x00000000ece94180,0x00000000ee700000)
  to   space 26112K, 0% used [0x00000000eb480000,0x00000000eb480000,0x00000000ece00000)
 ParOldGen       total 130560K, used 65110K [0x00000000a0000000, 0x00000000a7f80000, 0x00000000e0000000)
  object space 130560K, 49% used [0x00000000a0000000,0x00000000a3f95b20,0x00000000a7f80000)
 Metaspace       used 69584K, capacity 72832K, committed 73088K, reserved 1112064K
  class space    used 9112K, capacity 9834K, committed 9856K, reserved 1048576K
Event: 9366.152 GC heap after
Heap after GC invocations=24 (full 3):
 PSYoungGen      total 210944K, used 96K [0x00000000e0000000, 0x00000000f2580000, 0x0000000100000000)
  eden space 184832K, 0% used [0x00000000e0000000,0x00000000e0000000,0x00000000eb480000)
  from space 26112K, 0% used [0x00000000eb480000,0x00000000eb498000,0x00000000ece00000)
  to   space 26624K, 0% used [0x00000000f0b80000,0x00000000f0b80000,0x00000000f2580000)
 ParOldGen       total 130560K, used 65481K [0x00000000a0000000, 0x00000000a7f80000, 0x00000000e0000000)
  object space 130560K, 50% used [0x00000000a0000000,0x00000000a3ff25c8,0x00000000a7f80000)
 Metaspace       used 69584K, capacity 72832K, committed 73088K, reserved 1112064K
  class space    used 9112K, capacity 9834K, committed 9856K, reserved 1048576K
}

